0-prep 0h0m1s408ms
1-yosys 0h0m1s333ms
2-opensta 0h0m1s193ms
3-verilog2def_openroad 0h0m1s732ms
4-ioPlacer 0h0m1s414ms
5-tapcell 0h0m1s423ms
6-klayout_scrot 0h0m4s445ms
7-pdn 0h0m1s741ms
8-replace 0h0m7s607ms
8-resizer 0h0m7s35ms
9-write_verilog 0h0m1s435ms
10-opensta_post_resizer 0h0m1s208ms
11-opendp 0h0m1s434ms
12-klayout_scrot 0h0m4s569ms
13-cts 0h1m25s642ms
14-write_verilog 0h0m1s419ms
15-klayout_scrot 0h0m4s597ms
15-resizer_timing 0h0m6s720ms
16-write_verilog 0h0m1s420ms
17-opensta_post_resizer_timing 0h0m1s199ms
18-fastroute 0h0m2s959ms
19-addspacers 0h0m1s417ms
20-write_verilog 0h0m1s442ms
21-tritonRoute 0h0m9s636ms
22-klayout_scrot 0h0m4s662ms
23-spef_extraction 0h0m0s385ms
24-opensta_spef 0h0m1s207ms
26-write_verilog 0h0m1s425ms
28-klayout_scrot 0h0m4s683ms
31-magic_gen 0h0m5s941ms
32-klayout 0h0m4s259ms
33-klayout_scrot 0h0m4s644ms
35-klayout_scrot 0h0m4s701ms
36-klayout_xor 0h0m11s173ms
37-magic_ext_spice 0h0m0s721ms
38-lvs 0h0m0s179ms
39-magic_drc 0h0m1s653ms
41-or_antenna 0h0m1s443ms
42-cvc 0h0m0s147ms