OpenROAD 0.9.0 1415572a73
This program is licensed under the BSD-3 license. See the LICENSE file for details.
Components of this program may be licensed under more restrictive licenses which must be honored.
Notice 0: Reading LEF file:  /openLANE_flow/designs/i3c_slow_counters/runs/1st_run_fanout5_util40_tardens0.45_bothclkSCL20_clkSLOW50_noLEC/tmp/merged_unpadded.lef
Notice 0:     Created 13 technology layers
Notice 0:     Created 25 technology vias
Notice 0:     Created 440 library cells
Notice 0: Finished LEF file:  /openLANE_flow/designs/i3c_slow_counters/runs/1st_run_fanout5_util40_tardens0.45_bothclkSCL20_clkSLOW50_noLEC/tmp/merged_unpadded.lef
Notice 0: 
Reading DEF file: /openLANE_flow/designs/i3c_slow_counters/runs/1st_run_fanout5_util40_tardens0.45_bothclkSCL20_clkSLOW50_noLEC/tmp/placement/8-resizer.def
Notice 0: Design: i3c_slow_counters
Notice 0:     Created 28 pins.
Notice 0:     Created 222 components and 1263 component-terminals.
Notice 0:     Created 2 special nets and 0 connections.
Notice 0:     Created 159 nets and 462 connections.
Notice 0: Finished DEF file: /openLANE_flow/designs/i3c_slow_counters/runs/1st_run_fanout5_util40_tardens0.45_bothclkSCL20_clkSLOW50_noLEC/tmp/placement/8-resizer.def
Design Stats
--------------------------------
total instances           222
multi row instances         0
fixed instances            84
nets                      161
design area            3002.9 u^2
fixed area              205.2 u^2
movable area           1258.7 u^2
utilization                45 %
utilization padded         70 %
rows                       20
row height                2.7 u

Placement Analysis
--------------------------------
total displacement        0.0 u
average displacement      0.0 u
max displacement          0.0 u
original HPWL          2416.3 u
legalized HPWL         2488.7 u
delta HPWL                  3 %

[INFO DPL-0020] Mirrored 58 instances
[INFO DPL-0021] HPWL before            2488.7 u
[INFO DPL-0022] HPWL after             2416.3 u
[INFO DPL-0023] HPWL delta               -2.9 %
