
31. Printing statistics.

=== i3c_slow_counters ===

   Number of wires:                126
   Number of wire bits:            135
   Number of public wires:          39
   Number of public wire bits:      48
   Number of memories:               0
   Number of memory bits:            0
   Number of processes:              0
   Number of cells:                114
     sky130_fd_sc_hd__a21oi_2        1
     sky130_fd_sc_hd__a22o_2         3
     sky130_fd_sc_hd__a2bb2o_2       1
     sky130_fd_sc_hd__a31o_2         1
     sky130_fd_sc_hd__a32o_2         2
     sky130_fd_sc_hd__a41o_2         1
     sky130_fd_sc_hd__and2_2         2
     sky130_fd_sc_hd__and2b_2        1
     sky130_fd_sc_hd__and3_2         4
     sky130_fd_sc_hd__and4b_2        1
     sky130_fd_sc_hd__buf_1          4
     sky130_fd_sc_hd__conb_1         1
     sky130_fd_sc_hd__dfrtp_2       21
     sky130_fd_sc_hd__inv_2         29
     sky130_fd_sc_hd__mux2_1         1
     sky130_fd_sc_hd__nor2_2         3
     sky130_fd_sc_hd__nor3_2         2
     sky130_fd_sc_hd__o2111a_2       1
     sky130_fd_sc_hd__o211a_2        1
     sky130_fd_sc_hd__o211ai_2       1
     sky130_fd_sc_hd__o21a_2         3
     sky130_fd_sc_hd__o221a_2        2
     sky130_fd_sc_hd__o22a_2         5
     sky130_fd_sc_hd__o22ai_2        2
     sky130_fd_sc_hd__o2bb2a_2       3
     sky130_fd_sc_hd__o32a_2         3
     sky130_fd_sc_hd__or2_2          7
     sky130_fd_sc_hd__or3_2          4
     sky130_fd_sc_hd__or4_2          3
     sky130_fd_sc_hd__or4b_2         1

   Chip area for module '\i3c_slow_counters': 1223.673600

