CVC: Log output to /openLANE_flow/designs/i3c_slow_counters/runs/1st_run_fanout5_util40_tardens0.45_bothclkSCL20_clkSLOW50_noLEC/results/cvc/cvc_i3c_slow_counters.log
CVC: Error output to /openLANE_flow/designs/i3c_slow_counters/runs/1st_run_fanout5_util40_tardens0.45_bothclkSCL20_clkSLOW50_noLEC/results/cvc/cvc_i3c_slow_counters.error.gz
CVC: Debug output to /openLANE_flow/designs/i3c_slow_counters/runs/1st_run_fanout5_util40_tardens0.45_bothclkSCL20_clkSLOW50_noLEC/results/cvc/cvc_i3c_slow_counters.debug.gz
CVC: Circuit Validation Check  Version 1.0.0
CVC: Start: Sun Apr 18 13:58:20 2021

Using the following parameters for CVC (Circuit Validation Check) from /openLANE_flow/scripts/cvc/sky130A/cvcrc.sky130A
CVC_TOP = 'i3c_slow_counters'
CVC_NETLIST = '/openLANE_flow/designs/i3c_slow_counters/runs/1st_run_fanout5_util40_tardens0.45_bothclkSCL20_clkSLOW50_noLEC/results/cvc/i3c_slow_counters.cdl'
CVC_MODE = 'i3c_slow_counters'
CVC_MODEL_FILE = '/openLANE_flow/scripts/cvc/sky130A/cvc.sky130A.models'
CVC_POWER_FILE = '/openLANE_flow/designs/i3c_slow_counters/runs/1st_run_fanout5_util40_tardens0.45_bothclkSCL20_clkSLOW50_noLEC/results/cvc/i3c_slow_counters.power'
CVC_FUSE_FILE = ''
CVC_REPORT_FILE = '/openLANE_flow/designs/i3c_slow_counters/runs/1st_run_fanout5_util40_tardens0.45_bothclkSCL20_clkSLOW50_noLEC/results/cvc/cvc_i3c_slow_counters.log'
CVC_REPORT_TITLE = 'CVC $CVC_TOP'
CVC_CIRCUIT_ERROR_LIMIT = '100'
CVC_SEARCH_LIMIT = '100'
CVC_LEAK_LIMIT = '0.0002'
CVC_SOI = 'false'
CVC_SCRC = 'false'
CVC_VTH_GATES = 'false'
CVC_MIN_VTH_GATES = 'false'
CVC_IGNORE_VTH_FLOATING = 'false'
CVC_IGNORE_NO_LEAK_FLOATING = 'false'
CVC_LEAK_OVERVOLTAGE = 'true'
CVC_LOGIC_DIODES = 'false'
CVC_ANALOG_GATES = 'true'
CVC_BACKUP_RESULTS = 'false'
CVC_MOS_DIODE_ERROR_THRESHOLD = '0'
CVC_SHORT_ERROR_THRESHOLD = '0'
CVC_BIAS_ERROR_THRESHOLD = '0'
CVC_FORWARD_ERROR_THRESHOLD = '0'
CVC_FLOATING_ERROR_THRESHOLD = '0'
CVC_GATE_ERROR_THRESHOLD = '0'
CVC_LEAK?_ERROR_THRESHOLD = '0'
CVC_EXPECTED_ERROR_THRESHOLD = '0'
CVC_OVERVOLTAGE_ERROR_THRESHOLD = '0'
CVC_PARALLEL_CIRCUIT_PORT_LIMIT = '0'
CVC_CELL_ERROR_LIMIT_FILE = ''
CVC_CELL_CHECKSUM_FILE = ''
CVC_LARGE_CIRCUIT_SIZE = '10000000'
CVC_NET_CHECK_FILE = ''
End of parameters

CVC: Reading device model settings...
CVC: Reading power settings...
CVC: Parsing netlist /openLANE_flow/designs/i3c_slow_counters/runs/1st_run_fanout5_util40_tardens0.45_bothclkSCL20_clkSLOW50_noLEC/results/cvc/i3c_slow_counters.cdl
Cdl fixed data size 22942
Usage CDL: Time: 0  Memory: 7096  I/O: 8  Swap: 0
CVC: Counting and linking...
CVC: Assigning IDs ...
Usage DB: Time: 0  Memory: 7096  I/O: 8  Swap: 0
CVC: 489(489) instances, 674(674) nets, 1770(1770) devices.
CVC: Setting models ...
Setting model tolerances...
CVC: Shorting switches...
	Shorted 2 short
Setting instance power...

ModelList> filename /openLANE_flow/scripts/cvc/sky130A/cvc.sky130A.models
 Model> nfet_01v8        884 M->nmos       Parameters> Vth=0.2 Vds=1.8 Vgs=1.8 R=L/W*7000 Diodes> 4-1 4-3
 Model> pfet_01v8_hvt       884 M->pmos       Parameters> Vth=-0.2 Vds=1.8 Vgs=1.8 R=L/W*7000 Diodes> 1-4 3-4
 Model> short              2 R->switch_on  Parameters>
ModelList> end

Power List> filename /openLANE_flow/designs/i3c_slow_counters/runs/1st_run_fanout5_util40_tardens0.45_bothclkSCL20_clkSLOW50_noLEC/results/cvc/i3c_slow_counters.power
 VPWR power 1.8 -> 1.8 power
 VGND power 0.0 -> 0.0 power
 CLK_SLOW~>std_input input std_input -> min@0.0 max@1.8 input family(std_input;)
 RSTn~>std_input input std_input -> min@0.0 max@1.8 input family(std_input;)
 cf_SlvEna~>std_input input std_input -> min@0.0 max@1.8 input family(std_input;)
 clk_SCL~>std_input input std_input -> min@0.0 max@1.8 input family(std_input;)
 clk_SCL_n~>std_input input std_input -> min@0.0 max@1.8 input family(std_input;)
 int_in_STOP~>std_input input std_input -> min@0.0 max@1.8 input family(std_input;)
 pin_SCL_in~>std_input input std_input -> min@0.0 max@1.8 input family(std_input;)
 pin_SDA_in~>std_input input std_input -> min@0.0 max@1.8 input family(std_input;)
 run_100~>std_input input std_input -> min@0.0 max@1.8 input family(std_input;)
 run_60~>std_input input std_input -> min@0.0 max@1.8 input family(std_input;)
cf_BAMatch[7:0]~>std_input input std_input
 ->cf_BAMatch[0] input std_input -> min@0.0 max@1.8 input family(std_input;)
 ->cf_BAMatch[1] input std_input -> min@0.0 max@1.8 input family(std_input;)
 ->cf_BAMatch[2] input std_input -> min@0.0 max@1.8 input family(std_input;)
 ->cf_BAMatch[3] input std_input -> min@0.0 max@1.8 input family(std_input;)
 ->cf_BAMatch[4] input std_input -> min@0.0 max@1.8 input family(std_input;)
 ->cf_BAMatch[5] input std_input -> min@0.0 max@1.8 input family(std_input;)
 ->cf_BAMatch[6] input std_input -> min@0.0 max@1.8 input family(std_input;)
 ->cf_BAMatch[7] input std_input -> min@0.0 max@1.8 input family(std_input;)
event_pending[2:0]~>std_input input std_input
 ->event_pending[0] input std_input -> min@0.0 max@1.8 input family(std_input;)
 ->event_pending[1] input std_input -> min@0.0 max@1.8 input family(std_input;)
 ->event_pending[2] input std_input -> min@0.0 max@1.8 input family(std_input;)
> expected values
> macros
 #define std_input min@VGND max@VPWR -> min@0.0 max@1.8
Power List> end

CVC: Linking devices...
Usage EQUIV: Time: 0  Memory: 7528  I/O: 16  Swap: 0
Power nets 36
Hash dump:parameter->resistance map
Contains 53 buckets, 33 elements
Element count 0, 24
Element count 1, 25
Element count 2, 4
Unused hash: 0.45, average depth 1.24
Hash dump:text->circuit map
Contains 337 buckets, 438 elements
Element count 0, 87
Element count 1, 124
Element count 2, 76
Element count 3, 39
Element count 4, 10
Element count 5, 1
Unused hash: 0.26, average depth 2.20
Hash dump:string->text map
Contains 1493 buckets, 1784 elements
Element count 0, 455
Element count 1, 556
Element count 2, 293
Element count 3, 134
Element count 4, 39
Element count 5, 12
Element count 6, 4
Unused hash: 0.30, average depth 2.24
CVC: Shorting non conducting resistors...
CVC: Calculating resistor voltages...
Usage RES: Time: 0  Memory: 7528  I/O: 16  Swap: 0
Power nets 36
CVC: Calculating min/max voltages...
Processing trivial nets found 208 trivial nets
CVC: Ignoring invalid calculations...
CVC:   Removed 0 calculations
Copying master nets
CVC: Ignoring non-conducting devices...
CVC:   Ignored 0 devices
Usage MIN/MAX1: Time: 0  Memory: 7528  I/O: 16  Swap: 0
Power nets 254
! Checking forward bias diode errors: 

! Checking nmos source/drain vs bias errors: 

! Checking nmos gate vs source errors: 

! Checking pmos source/drain vs bias errors: 

! Checking pmos gate vs source errors: 

Usage ERROR: Time: 0  Memory: 7528  I/O: 16  Swap: 0
CVC: Propagating Simulation voltages 1...
Usage SIM1: Time: 0  Memory: 7528  I/O: 16  Swap: 0
Power nets 254
CVC: Propagating Simulation voltages 3...
Usage SIM2: Time: 0  Memory: 7528  I/O: 16  Swap: 0
Power nets 254
Added 0 latch voltages
CVC: Calculating min/max voltages...
Processing trivial nets found 206 trivial nets
CVC: Ignoring invalid calculations...
CVC:   Removed 0 calculations
Copying master nets
CVC: Ignoring non-conducting devices...
CVC:   Ignored 0 devices
Usage MIN/MAX2: Time: 0  Memory: 7528  I/O: 16  Swap: 0
Power nets 472
! Checking overvoltage errors

! Checking nmos possible leak errors: 

! Checking pmos possible leak errors: 

! Checking mos floating input errors:

! Checking expected values:

CVC: Error Counts
CVC: Fuse Problems:         0
CVC: Min Voltage Conflicts: 0
CVC: Max Voltage Conflicts: 0
CVC: Leaks:                 0
CVC: LDD drain->source:     0
CVC: HI-Z Inputs:           0
CVC: Forward Bias Diodes:   0
CVC: NMOS Source vs Bulk:   0
CVC: NMOS Gate vs Source:   0
CVC: NMOS Possible Leaks:   0
CVC: PMOS Source vs Bulk:   0
CVC: PMOS Gate vs Source:   0
CVC: PMOS Possible Leaks:   0
CVC: Overvoltage-VBG:       0
CVC: Overvoltage-VBS:       0
CVC: Overvoltage-VDS:       0
CVC: Overvoltage-VGS:       0
CVC: Unexpected voltage :   0
CVC: Total:                 0
Usage Total: Time: 0  Memory: 8156  I/O: 48  Swap: 0
Virtual net update/access 6087/170069
CVC: Log output to /openLANE_flow/designs/i3c_slow_counters/runs/1st_run_fanout5_util40_tardens0.45_bothclkSCL20_clkSLOW50_noLEC/results/cvc/cvc_i3c_slow_counters.log
CVC: End: Sun Apr 18 13:58:20 2021

