Startpoint: _184_ (rising edge-triggered flip-flop clocked by slow_clock)
Endpoint: _192_ (rising edge-triggered flip-flop clocked by core_clock_1)
Path Group: core_clock_1
Path Type: min

Fanout     Cap    Slew   Delay    Time   Description
-----------------------------------------------------------------------------
                  0.00    0.00    0.00   clock slow_clock (rise edge)
                          0.00    0.00   clock network delay (ideal)
                  0.00    0.00    0.00 ^ _184_/CLK (sky130_fd_sc_hd__dfrtp_2)
                  0.04    0.21    0.21 ^ _184_/Q (sky130_fd_sc_hd__dfrtp_2)
     3    0.01                           check_idle_n (net)
                  0.04    0.00    0.21 ^ _137_/A (sky130_fd_sc_hd__buf_1)
                  0.03    0.05    0.26 ^ _137_/X (sky130_fd_sc_hd__buf_1)
     1    0.00                           _013_ (net)
                  0.03    0.00    0.26 ^ _192_/D (sky130_fd_sc_hd__dfrtp_2)
                                  0.26   data arrival time

                  0.00    0.00    0.00   clock core_clock_1 (rise edge)
                          0.00    0.00   clock network delay (ideal)
                          0.00    0.00   clock reconvergence pessimism
                                  0.00 ^ _192_/CLK (sky130_fd_sc_hd__dfrtp_2)
                         -0.02   -0.02   library hold time
                                 -0.02   data required time
-----------------------------------------------------------------------------
                                 -0.02   data required time
                                 -0.26   data arrival time
-----------------------------------------------------------------------------
                                  0.28   slack (MET)


Startpoint: _185_ (rising edge-triggered flip-flop clocked by slow_clock)
Endpoint: _200_ (rising edge-triggered flip-flop clocked by core_clock_2)
Path Group: core_clock_2
Path Type: min

Fanout     Cap    Slew   Delay    Time   Description
-----------------------------------------------------------------------------
                  0.00    0.00    0.00   clock slow_clock (rise edge)
                          0.00    0.00   clock network delay (ideal)
                  0.00    0.00    0.00 ^ _185_/CLK (sky130_fd_sc_hd__dfrtp_2)
                  0.04    0.21    0.21 ^ _185_/Q (sky130_fd_sc_hd__dfrtp_2)
     3    0.01                           check_idle (net)
                  0.04    0.00    0.21 ^ _177_/A (sky130_fd_sc_hd__buf_1)
                  0.03    0.05    0.26 ^ _177_/X (sky130_fd_sc_hd__buf_1)
     1    0.00                           _021_ (net)
                  0.03    0.00    0.26 ^ _200_/D (sky130_fd_sc_hd__dfrtp_2)
                                  0.26   data arrival time

                  0.00    0.00    0.00   clock core_clock_2 (rise edge)
                          0.00    0.00   clock network delay (ideal)
                          0.00    0.00   clock reconvergence pessimism
                                  0.00 ^ _200_/CLK (sky130_fd_sc_hd__dfrtp_2)
                         -0.02   -0.02   library hold time
                                 -0.02   data required time
-----------------------------------------------------------------------------
                                 -0.02   data required time
                                 -0.26   data arrival time
-----------------------------------------------------------------------------
                                  0.28   slack (MET)


Startpoint: _200_ (rising edge-triggered flip-flop clocked by core_clock_2)
Endpoint: _181_ (rising edge-triggered flip-flop clocked by slow_clock)
Path Group: slow_clock
Path Type: min

Fanout     Cap    Slew   Delay    Time   Description
-----------------------------------------------------------------------------
                  0.00    0.00    0.00   clock core_clock_2 (rise edge)
                          0.00    0.00   clock network delay (ideal)
                  0.00    0.00    0.00 ^ _200_/CLK (sky130_fd_sc_hd__dfrtp_2)
                  0.02    0.19    0.19 ^ _200_/Q (sky130_fd_sc_hd__dfrtp_2)
     1    0.00                           sync_idle_check.scl_data (net)
                  0.02    0.00    0.19 ^ _181_/D (sky130_fd_sc_hd__dfrtp_2)
                                  0.19   data arrival time

                  0.00    0.00    0.00   clock slow_clock (rise edge)
                          0.00    0.00   clock network delay (ideal)
                          0.00    0.00   clock reconvergence pessimism
                                  0.00 ^ _181_/CLK (sky130_fd_sc_hd__dfrtp_2)
                         -0.02   -0.02   library hold time
                                 -0.02   data required time
-----------------------------------------------------------------------------
                                 -0.02   data required time
                                 -0.19   data arrival time
-----------------------------------------------------------------------------
                                  0.21   slack (MET)


Startpoint: _184_ (rising edge-triggered flip-flop clocked by slow_clock)
Endpoint: _192_ (rising edge-triggered flip-flop clocked by core_clock_1)
Path Group: core_clock_1
Path Type: max

Fanout     Cap    Slew   Delay    Time   Description
-----------------------------------------------------------------------------
                  0.00   50.00   50.00   clock slow_clock (rise edge)
                          0.00   50.00   clock network delay (ideal)
                  0.00    0.00   50.00 ^ _184_/CLK (sky130_fd_sc_hd__dfrtp_2)
                  0.09    0.78   50.78 v _184_/Q (sky130_fd_sc_hd__dfrtp_2)
     3    0.01                           check_idle_n (net)
                  0.09    0.00   50.78 v _137_/A (sky130_fd_sc_hd__buf_1)
                  0.04    0.16   50.94 v _137_/X (sky130_fd_sc_hd__buf_1)
     1    0.00                           _013_ (net)
                  0.04    0.00   50.94 v _192_/D (sky130_fd_sc_hd__dfrtp_2)
                                 50.94   data arrival time

                  0.00   60.00   60.00   clock core_clock_1 (rise edge)
                          0.00   60.00   clock network delay (ideal)
                          0.00   60.00   clock reconvergence pessimism
                                 60.00 ^ _192_/CLK (sky130_fd_sc_hd__dfrtp_2)
                         -0.28   59.72   library setup time
                                 59.72   data required time
-----------------------------------------------------------------------------
                                 59.72   data required time
                                -50.94   data arrival time
-----------------------------------------------------------------------------
                                  8.77   slack (MET)


Startpoint: _185_ (rising edge-triggered flip-flop clocked by slow_clock)
Endpoint: _200_ (rising edge-triggered flip-flop clocked by core_clock_2)
Path Group: core_clock_2
Path Type: max

Fanout     Cap    Slew   Delay    Time   Description
-----------------------------------------------------------------------------
                  0.00   50.00   50.00   clock slow_clock (rise edge)
                          0.00   50.00   clock network delay (ideal)
                  0.00    0.00   50.00 ^ _185_/CLK (sky130_fd_sc_hd__dfrtp_2)
                  0.09    0.78   50.78 v _185_/Q (sky130_fd_sc_hd__dfrtp_2)
     3    0.01                           check_idle (net)
                  0.09    0.00   50.78 v _177_/A (sky130_fd_sc_hd__buf_1)
                  0.04    0.16   50.94 v _177_/X (sky130_fd_sc_hd__buf_1)
     1    0.00                           _021_ (net)
                  0.04    0.00   50.94 v _200_/D (sky130_fd_sc_hd__dfrtp_2)
                                 50.94   data arrival time

                  0.00   60.00   60.00   clock core_clock_2 (rise edge)
                          0.00   60.00   clock network delay (ideal)
                          0.00   60.00   clock reconvergence pessimism
                                 60.00 ^ _200_/CLK (sky130_fd_sc_hd__dfrtp_2)
                         -0.28   59.72   library setup time
                                 59.72   data required time
-----------------------------------------------------------------------------
                                 59.72   data required time
                                -50.94   data arrival time
-----------------------------------------------------------------------------
                                  8.77   slack (MET)


Startpoint: _200_ (rising edge-triggered flip-flop clocked by core_clock_2)
Endpoint: _181_ (rising edge-triggered flip-flop clocked by slow_clock)
Path Group: slow_clock
Path Type: max

Fanout     Cap    Slew   Delay    Time   Description
-----------------------------------------------------------------------------
                  0.00   40.00   40.00   clock core_clock_2 (rise edge)
                          0.00   40.00   clock network delay (ideal)
                  0.00    0.00   40.00 ^ _200_/CLK (sky130_fd_sc_hd__dfrtp_2)
                  0.07    0.75   40.75 v _200_/Q (sky130_fd_sc_hd__dfrtp_2)
     1    0.00                           sync_idle_check.scl_data (net)
                  0.07    0.00   40.75 v _181_/D (sky130_fd_sc_hd__dfrtp_2)
                                 40.75   data arrival time

                  0.00   50.00   50.00   clock slow_clock (rise edge)
                          0.00   50.00   clock network delay (ideal)
                          0.00   50.00   clock reconvergence pessimism
                                 50.00 ^ _181_/CLK (sky130_fd_sc_hd__dfrtp_2)
                         -0.30   49.70   library setup time
                                 49.70   data required time
-----------------------------------------------------------------------------
                                 49.70   data required time
                                -40.75   data arrival time
-----------------------------------------------------------------------------
                                  8.96   slack (MET)


