
reading lef ...

units:       1000
#layers:     13
#macros:     440
#vias:       25
#viarulegen: 25

reading def ...

design:      i3c_slow_counters
die area:    ( 0 0 ) ( 66350 77070 )
trackPts:    12
defvias:     4
#components: 488
#terminals:  36
#snets:      2
#nets:       162

reading guide ...

#guides:     975
Warning: met2 does not have viaDef align with layer direction, generating new viaDef via2_FR...
Warning: met4 does not have viaDef align with layer direction, generating new viaDef via4_FR...
done initConstraintLayerIdx
List of default vias:
  Layer mcon
    default via: L1M1_PR_MR
  Layer via
    default via: M1M2_PR
  Layer via2
    default via: via2_FR
  Layer via3
    default via: M3M4_PR_M
  Layer via4
    default via: via4_FR
Writing reference output def...

libcell analysis ...

instance analysis ...
#unique instances = 83

init region query ...
  complete FR_MASTERSLICE
  complete FR_VIA
  complete li1
  complete mcon
  complete met1
  complete via
  complete met2
  complete via2
  complete met3
  complete via3
  complete met4
  complete via4
  complete met5

FR_MASTERSLICE shape region query size = 0
FR_VIA shape region query size = 0
li1 shape region query size = 5779
mcon shape region query size = 4989
met1 shape region query size = 1470
via shape region query size = 212
met2 shape region query size = 122
via2 shape region query size = 212
met3 shape region query size = 116
via3 shape region query size = 212
met4 shape region query size = 76
via4 shape region query size = 13
met5 shape region query size = 23


start pin access
  complete 100 pins
  complete 200 pins
  complete 250 pins
  complete 77 unique inst patterns
  complete 141 groups
Expt1 runtime (pin-level access point gen): 0.883304
Expt2 runtime (design-level access pattern gen): 0.132361
#scanned instances     = 488
#unique  instances     = 83
#stdCellGenAp          = 1691
#stdCellValidPlanarAp  = 60
#stdCellValidViaAp     = 1083
#stdCellPinNoAp        = 0
#stdCellPinCnt         = 468
#instTermValidViaApCnt = 0
#macroGenAp            = 0
#macroValidPlanarAp    = 0
#macroValidViaAp       = 0
#macroNoAp             = 0

complete pin access
cpu time = 00:00:03, elapsed time = 00:00:01, memory = 14.52 (MB), peak = 14.59 (MB)

post process guides ...
GCELLGRID X 0 DO 11 STEP 6900 ;
GCELLGRID Y 0 DO 9 STEP 6900 ;
  complete FR_MASTERSLICE
  complete FR_VIA
  complete li1
  complete mcon
  complete met1
  complete via
  complete met2
  complete via2
  complete met3
  complete via3
  complete met4
  complete via4
  complete met5

building cmap ... 

init guide query ...
  complete FR_MASTERSLICE (guide)
  complete FR_VIA (guide)
  complete li1 (guide)
  complete mcon (guide)
  complete met1 (guide)
  complete via (guide)
  complete met2 (guide)
  complete via2 (guide)
  complete met3 (guide)
  complete via3 (guide)
  complete met4 (guide)
  complete via4 (guide)
  complete met5 (guide)

FR_MASTERSLICE guide region query size = 0
FR_VIA guide region query size = 0
li1 guide region query size = 349
mcon guide region query size = 0
met1 guide region query size = 294
via guide region query size = 0
met2 guide region query size = 156
via2 guide region query size = 0
met3 guide region query size = 10
via3 guide region query size = 0
met4 guide region query size = 0
via4 guide region query size = 0
met5 guide region query size = 0

init gr pin query ...


start track assignment
Done with 505 vertical wires in 1 frboxes and 304 horizontal wires in 1 frboxes.
Done with 65 vertical wires in 1 frboxes and 77 horizontal wires in 1 frboxes.

complete track assignment
cpu time = 00:00:00, elapsed time = 00:00:00, memory = 16.11 (MB), peak = 16.29 (MB)

post processing ...

start routing data preparation
initVia2ViaMinLen_minSpc li1 (d2d, d2u, u2d, u2u) = (0, 0, 0, 370)
initVia2ViaMinLen_minSpc met1 (d2d, d2u, u2d, u2u) = (430, 445, 445, 460)
initVia2ViaMinLen_minSpc met2 (d2d, d2u, u2d, u2u) = (460, 485, 485, 630)
initVia2ViaMinLen_minSpc met3 (d2d, d2u, u2d, u2u) = (630, 655, 655, 680)
initVia2ViaMinLen_minSpc met4 (d2d, d2u, u2d, u2u) = (630, 1055, 1055, 3020)
initVia2ViaMinLen_minSpc met5 (d2d, d2u, u2d, u2u) = (1480, 0, 0, 0)
initVia2ViaMinLen_minimumcut li1 (d2d, d2u, u2d, u2u) = (0, 0, 0, 370)
initVia2ViaMinLen_minimumcut li1 zerolen (b, b, b, b) = (1, 1, 1, 1)
initVia2ViaMinLen_minimumcut met1 (d2d, d2u, u2d, u2u) = (430, 445, 445, 460)
initVia2ViaMinLen_minimumcut met1 zerolen (b, b, b, b) = (1, 1, 1, 1)
initVia2ViaMinLen_minimumcut met2 (d2d, d2u, u2d, u2u) = (460, 485, 485, 630)
initVia2ViaMinLen_minimumcut met2 zerolen (b, b, b, b) = (1, 1, 1, 1)
initVia2ViaMinLen_minimumcut met3 (d2d, d2u, u2d, u2u) = (630, 655, 655, 680)
initVia2ViaMinLen_minimumcut met3 zerolen (b, b, b, b) = (1, 1, 1, 1)
initVia2ViaMinLen_minimumcut met4 (d2d, d2u, u2d, u2u) = (630, 1055, 1055, 3020)
initVia2ViaMinLen_minimumcut met4 zerolen (b, b, b, b) = (1, 1, 1, 1)
initVia2ViaMinLen_minimumcut met5 (d2d, d2u, u2d, u2u) = (1480, 0, 0, 0)
initVia2ViaMinLen_minimumcut met5 zerolen (b, b, b, b) = (1, 1, 1, 1)
initVia2ViaMinLenNew_minSpc li1 (d2d-x, d2d-y, d2u-x, d2u-y, u2d-x, u2d-y, u2u-x, u2u-y) = (0, 0, 0, 0, 0, 0, 430, 370)
initVia2ViaMinLenNew_minSpc met1 (d2d-x, d2d-y, d2u-x, d2u-y, u2d-x, u2d-y, u2u-x, u2u-y) = (430, 370, 445, 385, 445, 385, 460, 460)
initVia2ViaMinLenNew_minSpc met2 (d2d-x, d2d-y, d2u-x, d2u-y, u2d-x, u2d-y, u2u-x, u2u-y) = (460, 460, 410, 485, 410, 485, 630, 630)
initVia2ViaMinLenNew_minSpc met3 (d2d-x, d2d-y, d2u-x, d2u-y, u2d-x, u2d-y, u2u-x, u2u-y) = (630, 630, 655, 625, 655, 625, 680, 630)
initVia2ViaMinLenNew_minSpc met4 (d2d-x, d2d-y, d2u-x, d2u-y, u2d-x, u2d-y, u2u-x, u2u-y) = (680, 630, 1055, 1055, 1055, 1055, 3020, 3020)
initVia2ViaMinLenNew_minSpc met5 (d2d-x, d2d-y, d2u-x, d2u-y, u2d-x, u2d-y, u2u-x, u2u-y) = (1480, 1480, 0, 0, 0, 0, 0, 0)
initVia2ViaMinLenNew_minimumcut li1 (d2d-x, d2d-y, d2u-x, d2u-y, u2d-x, u2d-y, u2u-x, u2u-y) = (0, 0, 0, 0, 0, 0, 430, 370)
initVia2ViaMinLenNew_minimumcut met1 (d2d-x, d2d-y, d2u-x, d2u-y, u2d-x, u2d-y, u2u-x, u2u-y) = (430, 370, 445, 385, 445, 385, 460, 460)
initVia2ViaMinLenNew_minimumcut met2 (d2d-x, d2d-y, d2u-x, d2u-y, u2d-x, u2d-y, u2u-x, u2u-y) = (460, 460, 410, 485, 410, 485, 630, 630)
initVia2ViaMinLenNew_minimumcut met3 (d2d-x, d2d-y, d2u-x, d2u-y, u2d-x, u2d-y, u2u-x, u2u-y) = (630, 630, 655, 625, 655, 625, 680, 630)
initVia2ViaMinLenNew_minimumcut met4 (d2d-x, d2d-y, d2u-x, d2u-y, u2d-x, u2d-y, u2u-x, u2u-y) = (680, 630, 1055, 1055, 1055, 1055, 3020, 3020)
initVia2ViaMinLenNew_minimumcut met5 (d2d-x, d2d-y, d2u-x, d2u-y, u2d-x, u2d-y, u2u-x, u2u-y) = (1480, 1480, 0, 0, 0, 0, 0, 0)
initVia2ViaMinLenNew_cutSpc li1 (d2d-x, d2d-y, d2u-x, d2u-y, u2d-x, u2d-y, u2u-x, u2u-y) = (0, 0, 0, 0, 0, 0, 430, 370)
initVia2ViaMinLenNew_cutSpc met1 (d2d-x, d2d-y, d2u-x, d2u-y, u2d-x, u2d-y, u2u-x, u2u-y) = (430, 370, 445, 385, 445, 385, 460, 460)
initVia2ViaMinLenNew_cutSpc met2 (d2d-x, d2d-y, d2u-x, d2u-y, u2d-x, u2d-y, u2u-x, u2u-y) = (460, 460, 410, 485, 410, 485, 630, 630)
initVia2ViaMinLenNew_cutSpc met3 (d2d-x, d2d-y, d2u-x, d2u-y, u2d-x, u2d-y, u2u-x, u2u-y) = (630, 630, 655, 625, 655, 625, 680, 630)
initVia2ViaMinLenNew_cutSpc met4 (d2d-x, d2d-y, d2u-x, d2u-y, u2d-x, u2d-y, u2u-x, u2u-y) = (680, 630, 1055, 1055, 1055, 1055, 3020, 3020)
initVia2ViaMinLenNew_cutSpc met5 (d2d-x, d2d-y, d2u-x, d2u-y, u2d-x, u2d-y, u2u-x, u2u-y) = (1600, 1600, 0, 0, 0, 0, 0, 0)
cpu time = 00:00:00, elapsed time = 00:00:00, memory = 16.29 (MB), peak = 16.29 (MB)

start detail routing ...
start 0th optimization iteration ...
    completing 10% with 0 violations
    elapsed time = 00:00:00, memory = 28.27 (MB)
    completing 20% with 15 violations
    elapsed time = 00:00:00, memory = 26.57 (MB)
    completing 30% with 20 violations
    elapsed time = 00:00:00, memory = 25.20 (MB)
    completing 40% with 29 violations
    elapsed time = 00:00:00, memory = 25.35 (MB)
  number of violations = 59
cpu time = 00:00:01, elapsed time = 00:00:01, memory = 371.80 (MB), peak = 388.61 (MB)
total wire length = 2929 um
total wire length on LAYER li1 = 2 um
total wire length on LAYER met1 = 1416 um
total wire length on LAYER met2 = 1440 um
total wire length on LAYER met3 = 70 um
total wire length on LAYER met4 = 0 um
total wire length on LAYER met5 = 0 um
total number of vias = 927
up-via summary (total 927):

----------------------
 FR_MASTERSLICE      0
            li1    440
           met1    475
           met2     12
           met3      0
           met4      0
----------------------
                   927


start 1st optimization iteration ...
    completing 10% with 59 violations
    elapsed time = 00:00:00, memory = 371.80 (MB)
    completing 20% with 59 violations
    elapsed time = 00:00:00, memory = 375.14 (MB)
    completing 30% with 42 violations
    elapsed time = 00:00:00, memory = 375.34 (MB)
    completing 40% with 22 violations
    elapsed time = 00:00:00, memory = 376.36 (MB)
  number of violations = 5
cpu time = 00:00:01, elapsed time = 00:00:01, memory = 366.82 (MB), peak = 388.61 (MB)
total wire length = 2909 um
total wire length on LAYER li1 = 0 um
total wire length on LAYER met1 = 1423 um
total wire length on LAYER met2 = 1425 um
total wire length on LAYER met3 = 60 um
total wire length on LAYER met4 = 0 um
total wire length on LAYER met5 = 0 um
total number of vias = 913
up-via summary (total 913):

----------------------
 FR_MASTERSLICE      0
            li1    438
           met1    465
           met2     10
           met3      0
           met4      0
----------------------
                   913


start 2nd optimization iteration ...
    completing 10% with 5 violations
    elapsed time = 00:00:00, memory = 367.13 (MB)
    completing 20% with 5 violations
    elapsed time = 00:00:00, memory = 367.16 (MB)
    completing 30% with 5 violations
    elapsed time = 00:00:00, memory = 367.16 (MB)
    completing 40% with 5 violations
    elapsed time = 00:00:00, memory = 367.93 (MB)
    completing 50% with 5 violations
    elapsed time = 00:00:00, memory = 367.93 (MB)
    completing 60% with 5 violations
    elapsed time = 00:00:01, memory = 367.99 (MB)
  number of violations = 7
cpu time = 00:00:01, elapsed time = 00:00:01, memory = 367.99 (MB), peak = 388.61 (MB)
total wire length = 2899 um
total wire length on LAYER li1 = 0 um
total wire length on LAYER met1 = 1436 um
total wire length on LAYER met2 = 1401 um
total wire length on LAYER met3 = 60 um
total wire length on LAYER met4 = 0 um
total wire length on LAYER met5 = 0 um
total number of vias = 905
up-via summary (total 905):

----------------------
 FR_MASTERSLICE      0
            li1    438
           met1    457
           met2     10
           met3      0
           met4      0
----------------------
                   905


start 3rd optimization iteration ...
    completing 10% with 7 violations
    elapsed time = 00:00:01, memory = 367.99 (MB)
    completing 20% with 4 violations
    elapsed time = 00:00:02, memory = 367.99 (MB)
    completing 30% with 4 violations
    elapsed time = 00:00:02, memory = 367.99 (MB)
    completing 40% with 1 violations
    elapsed time = 00:00:02, memory = 367.99 (MB)
  number of violations = 1
cpu time = 00:00:02, elapsed time = 00:00:02, memory = 367.99 (MB), peak = 388.61 (MB)
total wire length = 2888 um
total wire length on LAYER li1 = 0 um
total wire length on LAYER met1 = 1413 um
total wire length on LAYER met2 = 1409 um
total wire length on LAYER met3 = 66 um
total wire length on LAYER met4 = 0 um
total wire length on LAYER met5 = 0 um
total number of vias = 913
up-via summary (total 913):

----------------------
 FR_MASTERSLICE      0
            li1    438
           met1    463
           met2     12
           met3      0
           met4      0
----------------------
                   913


start 4th optimization iteration ...
    completing 10% with 1 violations
    elapsed time = 00:00:00, memory = 373.92 (MB)
    completing 20% with 1 violations
    elapsed time = 00:00:00, memory = 374.10 (MB)
    completing 30% with 0 violations
    elapsed time = 00:00:00, memory = 374.10 (MB)
    completing 40% with 0 violations
    elapsed time = 00:00:00, memory = 374.10 (MB)
  number of violations = 0
cpu time = 00:00:00, elapsed time = 00:00:00, memory = 374.10 (MB), peak = 388.61 (MB)
total wire length = 2880 um
total wire length on LAYER li1 = 0 um
total wire length on LAYER met1 = 1413 um
total wire length on LAYER met2 = 1399 um
total wire length on LAYER met3 = 66 um
total wire length on LAYER met4 = 0 um
total wire length on LAYER met5 = 0 um
total number of vias = 914
up-via summary (total 914):

----------------------
 FR_MASTERSLICE      0
            li1    438
           met1    464
           met2     12
           met3      0
           met4      0
----------------------
                   914


start 17th optimization iteration ...
    completing 10% with 0 violations
    elapsed time = 00:00:00, memory = 374.10 (MB)
    completing 20% with 0 violations
    elapsed time = 00:00:00, memory = 374.10 (MB)
    completing 30% with 0 violations
    elapsed time = 00:00:00, memory = 374.10 (MB)
    completing 40% with 0 violations
    elapsed time = 00:00:00, memory = 374.10 (MB)
  number of violations = 0
cpu time = 00:00:00, elapsed time = 00:00:00, memory = 374.10 (MB), peak = 388.61 (MB)
total wire length = 2880 um
total wire length on LAYER li1 = 0 um
total wire length on LAYER met1 = 1413 um
total wire length on LAYER met2 = 1399 um
total wire length on LAYER met3 = 66 um
total wire length on LAYER met4 = 0 um
total wire length on LAYER met5 = 0 um
total number of vias = 914
up-via summary (total 914):

----------------------
 FR_MASTERSLICE      0
            li1    438
           met1    464
           met2     12
           met3      0
           met4      0
----------------------
                   914


start 25th optimization iteration ...
    completing 10% with 0 violations
    elapsed time = 00:00:00, memory = 374.36 (MB)
    completing 20% with 0 violations
    elapsed time = 00:00:00, memory = 374.36 (MB)
    completing 30% with 0 violations
    elapsed time = 00:00:00, memory = 374.42 (MB)
    completing 40% with 0 violations
    elapsed time = 00:00:00, memory = 374.42 (MB)
    completing 50% with 0 violations
    elapsed time = 00:00:00, memory = 374.68 (MB)
    completing 60% with 0 violations
    elapsed time = 00:00:00, memory = 374.88 (MB)
    completing 70% with 0 violations
    elapsed time = 00:00:00, memory = 375.64 (MB)
    completing 80% with 0 violations
    elapsed time = 00:00:00, memory = 375.64 (MB)
    completing 90% with 0 violations
    elapsed time = 00:00:00, memory = 375.90 (MB)
    completing 100% with 0 violations
    elapsed time = 00:00:00, memory = 375.90 (MB)
  number of violations = 0
cpu time = 00:00:00, elapsed time = 00:00:00, memory = 375.90 (MB), peak = 388.61 (MB)
total wire length = 2880 um
total wire length on LAYER li1 = 0 um
total wire length on LAYER met1 = 1413 um
total wire length on LAYER met2 = 1399 um
total wire length on LAYER met3 = 66 um
total wire length on LAYER met4 = 0 um
total wire length on LAYER met5 = 0 um
total number of vias = 914
up-via summary (total 914):

----------------------
 FR_MASTERSLICE      0
            li1    438
           met1    464
           met2     12
           met3      0
           met4      0
----------------------
                   914


start 33rd optimization iteration ...
    completing 10% with 0 violations
    elapsed time = 00:00:00, memory = 376.41 (MB)
    completing 20% with 0 violations
    elapsed time = 00:00:00, memory = 378.99 (MB)
    completing 30% with 0 violations
    elapsed time = 00:00:00, memory = 379.15 (MB)
    completing 40% with 0 violations
    elapsed time = 00:00:00, memory = 379.15 (MB)
    completing 50% with 0 violations
    elapsed time = 00:00:00, memory = 379.15 (MB)
    completing 60% with 0 violations
    elapsed time = 00:00:00, memory = 379.15 (MB)
    completing 70% with 0 violations
    elapsed time = 00:00:00, memory = 379.15 (MB)
    completing 80% with 0 violations
    elapsed time = 00:00:00, memory = 379.16 (MB)
    completing 90% with 0 violations
    elapsed time = 00:00:00, memory = 379.16 (MB)
    completing 100% with 0 violations
    elapsed time = 00:00:00, memory = 379.67 (MB)
  number of violations = 0
cpu time = 00:00:00, elapsed time = 00:00:00, memory = 379.67 (MB), peak = 388.61 (MB)
total wire length = 2880 um
total wire length on LAYER li1 = 0 um
total wire length on LAYER met1 = 1413 um
total wire length on LAYER met2 = 1399 um
total wire length on LAYER met3 = 66 um
total wire length on LAYER met4 = 0 um
total wire length on LAYER met5 = 0 um
total number of vias = 914
up-via summary (total 914):

----------------------
 FR_MASTERSLICE      0
            li1    438
           met1    464
           met2     12
           met3      0
           met4      0
----------------------
                   914


start 41st optimization iteration ...
    completing 10% with 0 violations
    elapsed time = 00:00:00, memory = 379.67 (MB)
    completing 20% with 0 violations
    elapsed time = 00:00:00, memory = 379.67 (MB)
    completing 30% with 0 violations
    elapsed time = 00:00:00, memory = 379.93 (MB)
    completing 40% with 0 violations
    elapsed time = 00:00:00, memory = 379.93 (MB)
    completing 50% with 0 violations
    elapsed time = 00:00:00, memory = 379.93 (MB)
    completing 60% with 0 violations
    elapsed time = 00:00:00, memory = 379.93 (MB)
    completing 70% with 0 violations
    elapsed time = 00:00:00, memory = 379.93 (MB)
    completing 80% with 0 violations
    elapsed time = 00:00:00, memory = 379.93 (MB)
    completing 90% with 0 violations
    elapsed time = 00:00:00, memory = 379.93 (MB)
    completing 100% with 0 violations
    elapsed time = 00:00:00, memory = 379.93 (MB)
  number of violations = 0
cpu time = 00:00:00, elapsed time = 00:00:00, memory = 379.93 (MB), peak = 388.61 (MB)
total wire length = 2880 um
total wire length on LAYER li1 = 0 um
total wire length on LAYER met1 = 1413 um
total wire length on LAYER met2 = 1399 um
total wire length on LAYER met3 = 66 um
total wire length on LAYER met4 = 0 um
total wire length on LAYER met5 = 0 um
total number of vias = 914
up-via summary (total 914):

----------------------
 FR_MASTERSLICE      0
            li1    438
           met1    464
           met2     12
           met3      0
           met4      0
----------------------
                   914


start 49th optimization iteration ...
    completing 10% with 0 violations
    elapsed time = 00:00:00, memory = 379.93 (MB)
    completing 20% with 0 violations
    elapsed time = 00:00:00, memory = 379.93 (MB)
    completing 30% with 0 violations
    elapsed time = 00:00:00, memory = 379.93 (MB)
    completing 40% with 0 violations
    elapsed time = 00:00:00, memory = 379.93 (MB)
    completing 50% with 0 violations
    elapsed time = 00:00:00, memory = 379.93 (MB)
    completing 60% with 0 violations
    elapsed time = 00:00:00, memory = 379.93 (MB)
    completing 70% with 0 violations
    elapsed time = 00:00:00, memory = 379.93 (MB)
    completing 80% with 0 violations
    elapsed time = 00:00:00, memory = 379.93 (MB)
    completing 90% with 0 violations
    elapsed time = 00:00:00, memory = 379.93 (MB)
    completing 100% with 0 violations
    elapsed time = 00:00:00, memory = 379.93 (MB)
  number of violations = 0
cpu time = 00:00:00, elapsed time = 00:00:00, memory = 379.93 (MB), peak = 388.61 (MB)
total wire length = 2880 um
total wire length on LAYER li1 = 0 um
total wire length on LAYER met1 = 1413 um
total wire length on LAYER met2 = 1399 um
total wire length on LAYER met3 = 66 um
total wire length on LAYER met4 = 0 um
total wire length on LAYER met5 = 0 um
total number of vias = 914
up-via summary (total 914):

----------------------
 FR_MASTERSLICE      0
            li1    438
           met1    464
           met2     12
           met3      0
           met4      0
----------------------
                   914


start 57th optimization iteration ...
    completing 10% with 0 violations
    elapsed time = 00:00:00, memory = 379.93 (MB)
    completing 20% with 0 violations
    elapsed time = 00:00:00, memory = 380.19 (MB)
    completing 30% with 0 violations
    elapsed time = 00:00:00, memory = 380.25 (MB)
    completing 40% with 0 violations
    elapsed time = 00:00:00, memory = 380.25 (MB)
    completing 50% with 0 violations
    elapsed time = 00:00:00, memory = 380.25 (MB)
    completing 60% with 0 violations
    elapsed time = 00:00:00, memory = 380.37 (MB)
    completing 70% with 0 violations
    elapsed time = 00:00:00, memory = 380.37 (MB)
    completing 80% with 0 violations
    elapsed time = 00:00:00, memory = 380.37 (MB)
    completing 90% with 0 violations
    elapsed time = 00:00:00, memory = 380.37 (MB)
    completing 100% with 0 violations
    elapsed time = 00:00:00, memory = 380.37 (MB)
  number of violations = 0
cpu time = 00:00:00, elapsed time = 00:00:00, memory = 380.37 (MB), peak = 388.61 (MB)
total wire length = 2880 um
total wire length on LAYER li1 = 0 um
total wire length on LAYER met1 = 1413 um
total wire length on LAYER met2 = 1399 um
total wire length on LAYER met3 = 66 um
total wire length on LAYER met4 = 0 um
total wire length on LAYER met5 = 0 um
total number of vias = 914
up-via summary (total 914):

----------------------
 FR_MASTERSLICE      0
            li1    438
           met1    464
           met2     12
           met3      0
           met4      0
----------------------
                   914


complete detail routing
total wire length = 2880 um
total wire length on LAYER li1 = 0 um
total wire length on LAYER met1 = 1413 um
total wire length on LAYER met2 = 1399 um
total wire length on LAYER met3 = 66 um
total wire length on LAYER met4 = 0 um
total wire length on LAYER met5 = 0 um
total number of vias = 914
up-via summary (total 914):

----------------------
 FR_MASTERSLICE      0
            li1    438
           met1    464
           met2     12
           met3      0
           met4      0
----------------------
                   914

cpu time = 00:00:08, elapsed time = 00:00:07, memory = 380.37 (MB), peak = 388.61 (MB)

post processing ...

Runtime taken (hrt): 9.54491
