OpenROAD 0.9.0 1415572a73
This program is licensed under the BSD-3 license. See the LICENSE file for details.
Components of this program may be licensed under more restrictive licenses which must be honored.
Warning: /home/ubuntu/openlane/pdks/sky130A/libs.ref/sky130_fd_sc_hd/lib/sky130_fd_sc_hd__tt_025C_1v80.lib line 31, default_operating_condition tt_025C_1v80 not found.
Notice 0: Reading LEF file:  /openLANE_flow/designs/i3c_slow_counters/runs/1st_run_fanout5_util40_tardens0.45_bothclkSCL20_clkSLOW50_noLEC/tmp/merged_unpadded.lef
Notice 0:     Created 13 technology layers
Notice 0:     Created 25 technology vias
Notice 0:     Created 440 library cells
Notice 0: Finished LEF file:  /openLANE_flow/designs/i3c_slow_counters/runs/1st_run_fanout5_util40_tardens0.45_bothclkSCL20_clkSLOW50_noLEC/tmp/merged_unpadded.lef
Notice 0: 
Reading DEF file: /openLANE_flow/designs/i3c_slow_counters/runs/1st_run_fanout5_util40_tardens0.45_bothclkSCL20_clkSLOW50_noLEC/tmp/placement/15-resizer_timing.def
Notice 0: Design: i3c_slow_counters
Notice 0:     Created 28 pins.
Notice 0:     Created 225 components and 1281 component-terminals.
Notice 0:     Created 2 special nets and 0 connections.
Notice 0:     Created 162 nets and 468 connections.
Notice 0: Finished DEF file: /openLANE_flow/designs/i3c_slow_counters/runs/1st_run_fanout5_util40_tardens0.45_bothclkSCL20_clkSLOW50_noLEC/tmp/placement/15-resizer_timing.def
Min routing layer: 2
Max routing layer: 6
Global adjustment: 0.0
Unidirectional routing: true
Grid origin: (0, 0)
[INFO GRT-0004] #DB Obstructions: 0
[INFO GRT-0005] #DB Obstacles: 6288
[INFO GRT-0006] #DB Macros: 0
[INFO GRT-0017] Found 0 clock nets
[INFO GRT-0001] Minimum degree: 2
[INFO GRT-0002] Maximum degree: 20
[INFO GRT-0018] Processing 4469 obstacles on layer 1
[INFO GRT-0019] Processing 891 obstacles on layer 2
[INFO GRT-0022] Processing 5 obstacles on layer 5
[INFO GRT-0023] Processing 5 obstacles on layer 6
[INFO GRT-0020] Reducing resources of layer 1 by 99%
[INFO] WIRELEN : 394, WIRELEN1 : 0
[INFO] NumSeg  : 272
[INFO] NumShift: 0
First L Route
[INFO] WIRELEN : 394, WIRELEN1 : 394
[INFO] NumSeg  : 269
[INFO] NumShift: 3
[Overflow Report] Total hCap    : 2462
[Overflow Report] Total vCap    : 2050
[Overflow Report] Total Usage   : 394
[Overflow Report] Max H Overflow: 0
[Overflow Report] Max V Overflow: 0
[Overflow Report] Max Overflow  : 0
[Overflow Report] Num Overflow e: 0
[Overflow Report] H   Overflow  : 0
[Overflow Report] V   Overflow  : 0
[Overflow Report] Final Overflow: 0

Second L Route
[Overflow Report] Total hCap    : 2462
[Overflow Report] Total vCap    : 2050
[Overflow Report] Total Usage   : 394
[Overflow Report] Max H Overflow: 0
[Overflow Report] Max V Overflow: 0
[Overflow Report] Max Overflow  : 0
[Overflow Report] Num Overflow e: 0
[Overflow Report] H   Overflow  : 0
[Overflow Report] V   Overflow  : 0
[Overflow Report] Final Overflow: 0

First Z Route
[Overflow Report] Total hCap    : 2462
[Overflow Report] Total vCap    : 2050
[Overflow Report] Total Usage   : 394
[Overflow Report] Max H Overflow: 0
[Overflow Report] Max V Overflow: 0
[Overflow Report] Max Overflow  : 0
[Overflow Report] Num Overflow e: 0
[Overflow Report] H   Overflow  : 0
[Overflow Report] V   Overflow  : 0
[Overflow Report] Final Overflow: 0

[INFO] LV routing round 0, enlarge 10 
[INFO] 10 threshold, 10 expand
[Overflow Report] total Usage   : 394
[Overflow Report] Max H Overflow: 0
[Overflow Report] Max V Overflow: 0
[Overflow Report] Max Overflow  : 0
[Overflow Report] Num Overflow e: 0
[Overflow Report] H   Overflow  : 0
[Overflow Report] V   Overflow  : 0
[Overflow Report] Final Overflow: 0

[INFO] LV routing round 1, enlarge 15 
[INFO] 5 threshold, 15 expand
[Overflow Report] total Usage   : 394
[Overflow Report] Max H Overflow: 0
[Overflow Report] Max V Overflow: 0
[Overflow Report] Max Overflow  : 0
[Overflow Report] Num Overflow e: 0
[Overflow Report] H   Overflow  : 0
[Overflow Report] V   Overflow  : 0
[Overflow Report] Final Overflow: 0

[INFO] LV routing round 2, enlarge 20 
[INFO] 1 threshold, 20 expand
[Overflow Report] total Usage   : 394
[Overflow Report] Max H Overflow: 0
[Overflow Report] Max V Overflow: 0
[Overflow Report] Max Overflow  : 0
[Overflow Report] Num Overflow e: 0
[Overflow Report] H   Overflow  : 0
[Overflow Report] V   Overflow  : 0
[Overflow Report] Final Overflow: 0

Usage checked
Maze routing finished
[INFO] P3 runtime: 0.000000 sec
[INFO] Final 2D results: 
[Overflow Report] total Usage   : 394
[Overflow Report] Max H Overflow: 0
[Overflow Report] Max V Overflow: 0
[Overflow Report] Max Overflow  : 0
[Overflow Report] Num Overflow e: 0
[Overflow Report] H   Overflow  : 0
[Overflow Report] V   Overflow  : 0
[Overflow Report] Final Overflow: 0

Layer Assignment Begins
Layer assignment finished
[INFO] 2D + Layer Assignment Runtime: 0.000000 sec
Post Processing Begins 
Post Processsing finished
 Starting via filling
[INFO] Via related to pin nodes 617
[INFO] Via related stiner nodes 15
Via filling finished

Final usage/overflow report: 
[INFO] Usage per layer: 
    Layer 1 usage: 0
    Layer 2 usage: 193
    Layer 3 usage: 201
    Layer 4 usage: 0
    Layer 5 usage: 0
    Layer 6 usage: 0

[INFO] Capacity per layer: 
    Layer 1 capacity: 0
    Layer 2 capacity: 1414
    Layer 3 capacity: 1420
    Layer 4 capacity: 880
    Layer 5 capacity: 630
    Layer 6 capacity: 168

[INFO] Use percentage per layer: 
    Layer 1 use percentage: 0.0%
    Layer 2 use percentage: 13.65%
    Layer 3 use percentage: 14.15%
    Layer 4 use percentage: 0.00%
    Layer 5 use percentage: 0.00%
    Layer 6 use percentage: 0.00%

[INFO] Overflow per layer: 
    Layer 1 overflow: 0
    Layer 2 overflow: 0
    Layer 3 overflow: 0
    Layer 4 overflow: 0
    Layer 5 overflow: 0
    Layer 6 overflow: 0

[Overflow Report] Total Usage   : 394
[Overflow Report] Total Capacity: 4512
[Overflow Report] Max H Overflow: 0
[Overflow Report] Max V Overflow: 0
[Overflow Report] Max Overflow  : 0
[Overflow Report] H   Overflow  : 0
[Overflow Report] V   Overflow  : 0
[Overflow Report] Final Overflow: 0

[INFO] Final usage          : 394
[INFO] Final number of vias : 682
[INFO] Final usage 3D       : 2440
[INFO GRT-0018] Total wirelength: 5395 um
Repairing antennas...
[WARNING GRT-0025] No OR_DEFAULT vias defined
Notice 0: Split top of 1 T shapes.
Notice 0: Split top of 1 T shapes.
Notice 0: Split top of 1 T shapes.
Notice 0: Split top of 1 T shapes.
Notice 0: Split top of 1 T shapes.
Notice 0: Split top of 1 T shapes.
Notice 0: Split top of 1 T shapes.
Notice 0: Split top of 1 T shapes.
Notice 0: Split top of 1 T shapes.
Notice 0: Split top of 1 T shapes.
Notice 0: Split top of 1 T shapes.
Notice 0: Split top of 1 T shapes.
Notice 0: Split top of 1 T shapes.
Notice 0: Split top of 1 T shapes.
Notice 0: Split top of 1 T shapes.
Notice 0: Split top of 1 T shapes.
Notice 0: Split top of 1 T shapes.
Notice 0: Split top of 3 T shapes.
Notice 0: Split top of 1 T shapes.
Notice 0: Split top of 1 T shapes.
Notice 0: Split top of 1 T shapes.
Notice 0: Split top of 1 T shapes.
Notice 0: Split top of 1 T shapes.
Notice 0: Split top of 1 T shapes.
Notice 0: Split top of 1 T shapes.
Notice 0: Split top of 1 T shapes.
Notice 0: Split top of 1 T shapes.
Notice 0: Split top of 1 T shapes.
Notice 0: Split top of 2 T shapes.
Notice 0: Split top of 3 T shapes.
Notice 0: Split top of 3 T shapes.
Notice 0: Split top of 1 T shapes.
[INFO GRT-0012] #Antenna violations: 0
[INFO GRT-0014] Num routed nets: 153
Warning: /home/ubuntu/openlane/pdks/sky130A/libs.ref/sky130_fd_sc_hd/lib/sky130_fd_sc_hd__ss_100C_1v60.lib line 32, default_operating_condition ss_100C_1v60 not found.
Warning: /home/ubuntu/openlane/pdks/sky130A/libs.ref/sky130_fd_sc_hd/lib/sky130_fd_sc_hd__ff_n40C_1v95.lib line 31, default_operating_condition ff_n40C_1v95 not found.
set_units -time ns
set clk_period_scl 20
set clk_period_slow 50
create_clock [get_ports clk_SCL_n]  -name core_clock_1  -period ${clk_period_scl}
set input_delay_value [expr ${clk_period_scl} * 0.4]
set output_delay_value [expr ${clk_period_scl} * 0.6]
create_clock [get_ports clk_SCL]  -name core_clock_2  -period ${clk_period_scl}
set input_delay_value [expr ${clk_period_scl} * 0.4]
set output_delay_value [expr ${clk_period_scl} * 0.6]
create_clock [get_ports CLK_SLOW]  -name slow_clock  -period ${clk_period_slow}
set input_delay_value [expr ${clk_period_slow} * 0.4]
set output_delay_value [expr ${clk_period_slow} * 0.6]
[WARNING GRT-0009] missing route to pin _193_/RESET_B
[WARNING GRT-0009] missing route to pin _190_/RESET_B
No paths found.
Startpoint: _184_ (rising edge-triggered flip-flop clocked by slow_clock)
Endpoint: _192_ (rising edge-triggered flip-flop clocked by core_clock_1)
Path Group: core_clock_1
Path Type: min

Fanout     Cap    Slew   Delay    Time   Description
-----------------------------------------------------------------------------
                  0.00    0.00    0.00   clock slow_clock (rise edge)
                          0.00    0.00   clock network delay (ideal)
                  0.00    0.00    0.00 ^ _184_/CLK (sky130_fd_sc_hd__dfrtp_1)
                  0.06    0.26    0.26 ^ _184_/Q (sky130_fd_sc_hd__dfrtp_1)
     3    0.01                           check_idle_n (net)
                  0.06    0.00    0.26 ^ _137_/A (sky130_fd_sc_hd__clkbuf_1)
                  0.03    0.05    0.32 ^ _137_/X (sky130_fd_sc_hd__clkbuf_1)
     1    0.00                           _013_ (net)
                  0.03    0.00    0.32 ^ _192_/D (sky130_fd_sc_hd__dfrtp_1)
                                  0.32   data arrival time

                  0.00    0.00    0.00   clock core_clock_1 (rise edge)
                          0.00    0.00   clock network delay (ideal)
                          0.00    0.00   clock reconvergence pessimism
                                  0.00 ^ _192_/CLK (sky130_fd_sc_hd__dfrtp_1)
                         -0.02   -0.02   library hold time
                                 -0.02   data required time
-----------------------------------------------------------------------------
                                 -0.02   data required time
                                 -0.32   data arrival time
-----------------------------------------------------------------------------
                                  0.34   slack (MET)


Startpoint: _185_ (rising edge-triggered flip-flop clocked by slow_clock)
Endpoint: _200_ (rising edge-triggered flip-flop clocked by core_clock_2)
Path Group: core_clock_2
Path Type: min

Fanout     Cap    Slew   Delay    Time   Description
-----------------------------------------------------------------------------
                  0.00    0.00    0.00   clock slow_clock (rise edge)
                          0.00    0.00   clock network delay (ideal)
                  0.00    0.00    0.00 ^ _185_/CLK (sky130_fd_sc_hd__dfrtp_1)
                  0.05    0.25    0.25 ^ _185_/Q (sky130_fd_sc_hd__dfrtp_1)
     3    0.01                           check_idle (net)
                  0.05    0.00    0.26 ^ _177_/A (sky130_fd_sc_hd__clkbuf_1)
                  0.03    0.06    0.31 ^ _177_/X (sky130_fd_sc_hd__clkbuf_1)
     1    0.00                           _021_ (net)
                  0.03    0.00    0.31 ^ _200_/D (sky130_fd_sc_hd__dfrtp_1)
                                  0.31   data arrival time

                  0.00    0.00    0.00   clock core_clock_2 (rise edge)
                          0.00    0.00   clock network delay (ideal)
                          0.00    0.00   clock reconvergence pessimism
                                  0.00 ^ _200_/CLK (sky130_fd_sc_hd__dfrtp_1)
                         -0.02   -0.02   library hold time
                                 -0.02   data required time
-----------------------------------------------------------------------------
                                 -0.02   data required time
                                 -0.31   data arrival time
-----------------------------------------------------------------------------
                                  0.33   slack (MET)


Startpoint: _192_ (rising edge-triggered flip-flop clocked by core_clock_1)
Endpoint: _182_ (rising edge-triggered flip-flop clocked by slow_clock)
Path Group: slow_clock
Path Type: min

Fanout     Cap    Slew   Delay    Time   Description
-----------------------------------------------------------------------------
                  0.00    0.00    0.00   clock core_clock_1 (rise edge)
                          0.00    0.00   clock network delay (ideal)
                  0.00    0.00    0.00 ^ _192_/CLK (sky130_fd_sc_hd__dfrtp_1)
                  0.03    0.19    0.19 ^ _192_/Q (sky130_fd_sc_hd__dfrtp_1)
     1    0.00                           sync_idle_check_n.scl_data (net)
                  0.03    0.00    0.19 ^ _182_/D (sky130_fd_sc_hd__dfrtp_1)
                                  0.19   data arrival time

                  0.00    0.00    0.00   clock slow_clock (rise edge)
                          0.00    0.00   clock network delay (ideal)
                          0.00    0.00   clock reconvergence pessimism
                                  0.00 ^ _182_/CLK (sky130_fd_sc_hd__dfrtp_1)
                         -0.01   -0.01   library hold time
                                 -0.01   data required time
-----------------------------------------------------------------------------
                                 -0.01   data required time
                                 -0.19   data arrival time
-----------------------------------------------------------------------------
                                  0.20   slack (MET)


Startpoint: _184_ (rising edge-triggered flip-flop clocked by slow_clock)
Endpoint: _192_ (rising edge-triggered flip-flop clocked by core_clock_1)
Path Group: core_clock_1
Path Type: max

Fanout     Cap    Slew   Delay    Time   Description
-----------------------------------------------------------------------------
                  0.00   50.00   50.00   clock slow_clock (rise edge)
                          0.00   50.00   clock network delay (ideal)
                  0.00    0.00   50.00 ^ _184_/CLK (sky130_fd_sc_hd__dfrtp_1)
                  0.12    0.96   50.96 v _184_/Q (sky130_fd_sc_hd__dfrtp_1)
     3    0.01                           check_idle_n (net)
                  0.12    0.00   50.96 v _137_/A (sky130_fd_sc_hd__clkbuf_1)
                  0.05    0.18   51.14 v _137_/X (sky130_fd_sc_hd__clkbuf_1)
     1    0.00                           _013_ (net)
                  0.05    0.00   51.14 v _192_/D (sky130_fd_sc_hd__dfrtp_1)
                                 51.14   data arrival time

                  0.00   60.00   60.00   clock core_clock_1 (rise edge)
                          0.00   60.00   clock network delay (ideal)
                          0.00   60.00   clock reconvergence pessimism
                                 60.00 ^ _192_/CLK (sky130_fd_sc_hd__dfrtp_1)
                         -0.29   59.71   library setup time
                                 59.71   data required time
-----------------------------------------------------------------------------
                                 59.71   data required time
                                -51.14   data arrival time
-----------------------------------------------------------------------------
                                  8.58   slack (MET)


Startpoint: _185_ (rising edge-triggered flip-flop clocked by slow_clock)
Endpoint: _200_ (rising edge-triggered flip-flop clocked by core_clock_2)
Path Group: core_clock_2
Path Type: max

Fanout     Cap    Slew   Delay    Time   Description
-----------------------------------------------------------------------------
                  0.00   50.00   50.00   clock slow_clock (rise edge)
                          0.00   50.00   clock network delay (ideal)
                  0.00    0.00   50.00 ^ _185_/CLK (sky130_fd_sc_hd__dfrtp_1)
                  0.11    0.94   50.94 v _185_/Q (sky130_fd_sc_hd__dfrtp_1)
     3    0.01                           check_idle (net)
                  0.11    0.00   50.94 v _177_/A (sky130_fd_sc_hd__clkbuf_1)
                  0.05    0.18   51.12 v _177_/X (sky130_fd_sc_hd__clkbuf_1)
     1    0.00                           _021_ (net)
                  0.05    0.00   51.12 v _200_/D (sky130_fd_sc_hd__dfrtp_1)
                                 51.12   data arrival time

                  0.00   60.00   60.00   clock core_clock_2 (rise edge)
                          0.00   60.00   clock network delay (ideal)
                          0.00   60.00   clock reconvergence pessimism
                                 60.00 ^ _200_/CLK (sky130_fd_sc_hd__dfrtp_1)
                         -0.29   59.71   library setup time
                                 59.71   data required time
-----------------------------------------------------------------------------
                                 59.71   data required time
                                -51.12   data arrival time
-----------------------------------------------------------------------------
                                  8.59   slack (MET)


Startpoint: _200_ (rising edge-triggered flip-flop clocked by core_clock_2)
Endpoint: _181_ (rising edge-triggered flip-flop clocked by slow_clock)
Path Group: slow_clock
Path Type: max

Fanout     Cap    Slew   Delay    Time   Description
-----------------------------------------------------------------------------
                  0.00   40.00   40.00   clock core_clock_2 (rise edge)
                          0.00   40.00   clock network delay (ideal)
                  0.00    0.00   40.00 ^ _200_/CLK (sky130_fd_sc_hd__dfrtp_1)
                  0.08    0.70   40.70 v _200_/Q (sky130_fd_sc_hd__dfrtp_1)
     1    0.00                           sync_idle_check.scl_data (net)
                  0.08    0.00   40.70 v _181_/D (sky130_fd_sc_hd__dfrtp_1)
                                 40.70   data arrival time

                  0.00   50.00   50.00   clock slow_clock (rise edge)
                          0.00   50.00   clock network delay (ideal)
                          0.00   50.00   clock reconvergence pessimism
                                 50.00 ^ _181_/CLK (sky130_fd_sc_hd__dfrtp_1)
                         -0.24   49.76   library setup time
                                 49.76   data required time
-----------------------------------------------------------------------------
                                 49.76   data required time
                                -40.70   data arrival time
-----------------------------------------------------------------------------
                                  9.06   slack (MET)


No paths found.
wns 0.00
tns 0.00
