OpenROAD 0.9.0 1415572a73
This program is licensed under the BSD-3 license. See the LICENSE file for details.
Components of this program may be licensed under more restrictive licenses which must be honored.
Notice 0: Reading LEF file:  /openLANE_flow/designs/i3c_slow_counters/runs/2nd_run_fanout5_util40_tardens0.45_bothclkSCL20_clkSLOW50_withLEC/tmp/merged_unpadded.lef
Notice 0:     Created 13 technology layers
Notice 0:     Created 25 technology vias
Notice 0:     Created 440 library cells
Notice 0: Finished LEF file:  /openLANE_flow/designs/i3c_slow_counters/runs/2nd_run_fanout5_util40_tardens0.45_bothclkSCL20_clkSLOW50_withLEC/tmp/merged_unpadded.lef
Notice 0: 
Reading DEF file: /openLANE_flow/designs/i3c_slow_counters/runs/2nd_run_fanout5_util40_tardens0.45_bothclkSCL20_clkSLOW50_withLEC/tmp/floorplan/4-ioPlacer.def
Notice 0: Design: i3c_slow_counters
Notice 0:     Created 26 pins.
Notice 0:     Created 114 components and 871 component-terminals.
Notice 0:     Created 135 nets and 414 connections.
Notice 0: Finished DEF file: /openLANE_flow/designs/i3c_slow_counters/runs/2nd_run_fanout5_util40_tardens0.45_bothclkSCL20_clkSLOW50_withLEC/tmp/floorplan/4-ioPlacer.def
Step 1: Cut rows...
[INFO TAP-0001] Macro blocks found: 0
[INFO TAP-0002] #Original rows: 20
[INFO TAP-0003] #Cut rows: 0
Step 2: Insert endcaps...
[INFO TAP-0004] #Endcaps inserted: 40
Step 3: Insert tapcells...
[INFO TAP-0005] #Tapcells inserted: 44
